2025-07-21 18:48:28 | ERROR    | app.utils.log_manager:log_error:53 - [AUTH_SYSTEM] เกิดข้อผิดพลาดในการเก็บ Log จาก 123: 'str' object has no attribute 'get'
2025-07-21 18:48:28 | ERROR    | app.utils.log_manager:log_error:53 - [AUTH_SYSTEM] เกิดข้อผิดพลาดในการเก็บ Log จาก 123: 'str' object has no attribute 'get'
2025-07-21 18:53:28 | ERROR    | app.utils.log_manager:log_error:53 - [AUTH_SYSTEM] เกิดข้อผิดพลาดในการเก็บ Log จาก 123: 'str' object has no attribute 'get'
2025-07-21 18:53:28 | ERROR    | app.utils.log_manager:log_error:53 - [AUTH_SYSTEM] เกิดข้อผิดพลาดในการเก็บ Log จาก 123: 'str' object has no attribute 'get'
2025-07-21 18:58:29 | ERROR    | app.utils.log_manager:log_error:53 - [AUTH_SYSTEM] เกิดข้อผิดพลาดในการเก็บ Log จาก 123: 'str' object has no attribute 'get'
2025-07-21 18:58:29 | ERROR    | app.utils.log_manager:log_error:53 - [AUTH_SYSTEM] เกิดข้อผิดพลาดในการเก็บ Log จาก 123: 'str' object has no attribute 'get'
2025-07-21 19:03:29 | ERROR    | app.utils.log_manager:log_error:53 - [AUTH_SYSTEM] เกิดข้อผิดพลาดในการเก็บ Log จาก 123: 'str' object has no attribute 'get'
2025-07-21 19:03:29 | ERROR    | app.utils.log_manager:log_error:53 - [AUTH_SYSTEM] เกิดข้อผิดพลาดในการเก็บ Log จาก 123: 'str' object has no attribute 'get'
2025-07-21 19:04:29 | ERROR    | app.utils.log_manager:log_error:53 - [AUTH_SYSTEM] เกิดข้อผิดพลาดในการเก็บ Log จาก 123: 'str' object has no attribute 'get'
2025-07-21 19:04:29 | ERROR    | app.utils.log_manager:log_error:53 - [AUTH_SYSTEM] เกิดข้อผิดพลาดในการเก็บ Log จาก 123: 'str' object has no attribute 'get'
2025-07-21 19:09:37 | ERROR    | app.utils.log_manager:log_error:53 - [AUTH_SYSTEM] เกิดข้อผิดพลาดในการสร้างแหล่งข้อมูล: (psycopg2.errors.NotNullViolation) null value in column "created_at" of relation "log_sources" violates not-null constraint
DETAIL:  Failing row contains (39db0551-30b2-4150-9470-bf8e47b1c5cf, Test Server, SERVER, 192.168.1.100, 22, ssh, null, t, null, null, null, null, null, null, null).

[SQL: INSERT INTO log_sources (id, name, source_type, ip_address, port, protocol, credentials, is_active, vendor, model, os_version, device_profile_id) VALUES (%(id)s, %(name)s, %(source_type)s, %(ip_address)s, %(port)s, %(protocol)s, %(credentials)s::JSON, %(is_active)s, %(vendor)s, %(model)s, %(os_version)s, %(device_profile_id)s)]
[parameters: {'id': '39db0551-30b2-4150-9470-bf8e47b1c5cf', 'name': 'Test Server', 'source_type': 'SERVER', 'ip_address': '192.168.1.100', 'port': 22, 'protocol': 'ssh', 'credentials': 'null', 'is_active': True, 'vendor': None, 'model': None, 'os_version': None, 'device_profile_id': None}]
(Background on this error at: https://sqlalche.me/e/20/gkpj)
2025-07-21 19:10:43 | ERROR    | app.utils.log_manager:log_error:53 - [AUTH_SYSTEM] เกิดข้อผิดพลาดในการเก็บ Log จาก Test Server: 'NoneType' object has no attribute 'get'
2025-07-21 19:10:43 | ERROR    | app.utils.log_manager:log_error:53 - [AUTH_SYSTEM] เกิดข้อผิดพลาดในการเก็บ Log จาก Test Server: 'NoneType' object has no attribute 'get'
2025-07-21 19:15:43 | ERROR    | app.utils.log_manager:log_error:53 - [AUTH_SYSTEM] เกิดข้อผิดพลาดในการเก็บ Log จาก Test Server: 'NoneType' object has no attribute 'get'
2025-07-21 19:15:43 | ERROR    | app.utils.log_manager:log_error:53 - [AUTH_SYSTEM] เกิดข้อผิดพลาดในการเก็บ Log จาก Test Server: 'NoneType' object has no attribute 'get'
2025-07-21 19:20:43 | ERROR    | app.utils.log_manager:log_error:53 - [AUTH_SYSTEM] เกิดข้อผิดพลาดในการเก็บ Log จาก Test Server: 'NoneType' object has no attribute 'get'
2025-07-21 19:20:43 | ERROR    | app.utils.log_manager:log_error:53 - [AUTH_SYSTEM] เกิดข้อผิดพลาดในการเก็บ Log จาก Test Server: 'NoneType' object has no attribute 'get'
2025-07-21 19:21:04 | ERROR    | app.utils.log_manager:log_error:53 - [AUTH_SYSTEM] เกิดข้อผิดพลาดในการเก็บ Log จาก Test Server: 'NoneType' object has no attribute 'get'
2025-07-21 19:21:04 | ERROR    | app.utils.log_manager:log_error:53 - [AUTH_SYSTEM] เกิดข้อผิดพลาดในการเก็บ Log จาก Test Server: 'NoneType' object has no attribute 'get'
2025-07-21 19:22:27 | ERROR    | app.utils.log_manager:log_error:53 - [AUTH_SYSTEM] เกิดข้อผิดพลาดในการเก็บ Log จาก Test Server: 'NoneType' object has no attribute 'get'
2025-07-21 19:22:27 | ERROR    | app.utils.log_manager:log_error:53 - [AUTH_SYSTEM] เกิดข้อผิดพลาดในการเก็บ Log จาก Test Server: 'NoneType' object has no attribute 'get'
2025-07-21 19:23:53 | ERROR    | app.utils.log_manager:log_error:53 - [AUTH_SYSTEM] เกิดข้อผิดพลาดในการเก็บ Log จาก Test Server: 'NoneType' object has no attribute 'get'
2025-07-21 19:23:53 | ERROR    | app.utils.log_manager:log_error:53 - [AUTH_SYSTEM] เกิดข้อผิดพลาดในการเก็บ Log จาก Test Server: 'NoneType' object has no attribute 'get'
2025-07-21 19:25:00 | ERROR    | app.utils.log_manager:log_error:53 - [AUTH_SYSTEM] เกิดข้อผิดพลาดในการเก็บ Log จาก Test Server: 'NoneType' object has no attribute 'get'
2025-07-21 19:25:00 | ERROR    | app.utils.log_manager:log_error:53 - [AUTH_SYSTEM] เกิดข้อผิดพลาดในการเก็บ Log จาก Test Server: 'NoneType' object has no attribute 'get'
2025-07-21 19:30:00 | ERROR    | app.utils.log_manager:log_error:53 - [AUTH_SYSTEM] เกิดข้อผิดพลาดในการเก็บ Log จาก Test Server: 'NoneType' object has no attribute 'get'
2025-07-21 19:30:00 | ERROR    | app.utils.log_manager:log_error:53 - [AUTH_SYSTEM] เกิดข้อผิดพลาดในการเก็บ Log จาก Test Server: 'NoneType' object has no attribute 'get'
2025-07-21 19:35:00 | ERROR    | app.utils.log_manager:log_error:53 - [AUTH_SYSTEM] เกิดข้อผิดพลาดในการเก็บ Log จาก Test Server: 'NoneType' object has no attribute 'get'
2025-07-21 19:35:00 | ERROR    | app.utils.log_manager:log_error:53 - [AUTH_SYSTEM] เกิดข้อผิดพลาดในการเก็บ Log จาก Test Server: 'NoneType' object has no attribute 'get'
2025-07-21 19:40:01 | ERROR    | app.utils.log_manager:log_error:53 - [AUTH_SYSTEM] เกิดข้อผิดพลาดในการเก็บ Log จาก Test Server: 'NoneType' object has no attribute 'get'
2025-07-21 19:40:01 | ERROR    | app.utils.log_manager:log_error:53 - [AUTH_SYSTEM] เกิดข้อผิดพลาดในการเก็บ Log จาก Test Server: 'NoneType' object has no attribute 'get'
2025-07-21 19:45:01 | ERROR    | app.utils.log_manager:log_error:53 - [AUTH_SYSTEM] เกิดข้อผิดพลาดในการเก็บ Log จาก Test Server: 'NoneType' object has no attribute 'get'
2025-07-21 19:45:01 | ERROR    | app.utils.log_manager:log_error:53 - [AUTH_SYSTEM] เกิดข้อผิดพลาดในการเก็บ Log จาก Test Server: 'NoneType' object has no attribute 'get'
2025-07-21 19:50:01 | ERROR    | app.utils.log_manager:log_error:53 - [AUTH_SYSTEM] เกิดข้อผิดพลาดในการเก็บ Log จาก Test Server: 'NoneType' object has no attribute 'get'
2025-07-21 19:50:01 | ERROR    | app.utils.log_manager:log_error:53 - [AUTH_SYSTEM] เกิดข้อผิดพลาดในการเก็บ Log จาก Test Server: 'NoneType' object has no attribute 'get'
